[web/index.html]
[backblue.gif]
[fade.gif]
[index.html]
[web/images/apple-touch-icon.png]
[web/images/normalize.min.css]
[web/images/main.css]
[web/images/ktdf-2019-poster-w240.jpg]
[web/images/main.js]
[web/index.html]
[web/images/normalize.min.css]
[web/images/main.css]
[web/images/ktdf.css]
[web/index-2.html]
[web/images/style.css]
[web/images/bg-low.jpg]
[web/images/social-iconsd87f.css]
[web/index-4.html]
[web/index-3.html]
[web/images/greend87f.css]
[web/images/style_2.1.2d87f.css]
[web/images/bg.jpg]
[web/images/gigpressd87f.js]
[web/images/jquery-migrate.min330a.js]
[web/images/xmlrpc0db0.php]
[web/images/jqueryb8ff.js]
[web/index-5.html]
[web/images/wlwmanifest.xml]
[web/images/favicon.gif]
[web/images/gigpress.css]
[web/images/logo.png]
[web/indexc121.html]
[web/images/gigpressd87f.css]
[web/index-7.html]
[web/images/jquery-init68b3.js]
[web/images/script_2.1.2d87f.js]
[web/index-6.html]
[web/index-2.html]
[web/index-8.html]
[web/index-9.html]
[web/images/wp-embed.mind87f.js]
[web/index-10.html]
[web/index-11.html]
[web/index-13.html]
[web/index-14.html]
[web/index-12.html]
[web/images/bebas-webfont.eot]
[web/index-16.html]
[web/index-17.html]
[web/index-15.html]
[web/images/bebas-webfont.woff]
[web/index-18.html]
[web/index-19.html]
[web/index-20.html]
[web/images/bebas-webfont.ttf]
[web/images/bebas-webfont.svg]
[web/index-21.html]
[web/index-22.html]
[web/images/dropdown.jpg]
[web/index-23.html]
[web/index-26.html]
[web/index-25.html]
[web/index-24.html]
[web/index-27.html]
[web/index-28.html]
[web/images/slider-bar-bg.jpg]
[web/index-29.html]
[web/index-30.html]
[web/images/slider-buttons.png]
[web/index-31.html]
[web/images/icons.png]
[web/index-33.html]
[web/index-34.html]
[web/index-32.html]
[web/images/share-this.png]
[web/images/style.css]
[web/images/xmlrpc.php]
[web/index-35.html]
[web/images/social-iconsd87f.css]
[web/images/icons-header.png]
[web/images/footer.jpg]
[web/images/bg-2.gif]
[web/images/menu-green.png]
[web/images/arrows-green.png]
[web/images/comment-arrow-green.png]
[web/images/greend87f.css]
[web/images/delicious_counters.png]
[web/images/style_2.1.2d87f.css]
[web/images/gigpress.css]
[web/images/delicious_counters_hover.png]
[web/images/footer-green.jpg]
[web/images/embed9ff8.json]
[web/index-6.html]
[web/images/embed95c6]
[web/images/embed9adb.json]
[web/index-7.html]
[web/images/background-green.jpg]
[web/images/embed3bd6]
[web/images/embed16e2.json]
[web/images/embed7502]
[web/index-8.html]
[web/images/embeda88a.json]
[web/images/embed425c]
[web/index-9.html]
[web/images/embed5c09.json]
[web/images/embedbdbc]
[web/index-10.html]
[web/images/embedc824.json]
[web/images/embedf5b8]
[web/index-11.html]
[web/images/embedd7c4.json]
[web/images/embed1d91]
[web/index-12.html]
[web/images/embed5554.json]
[web/images/embed29e9]
[web/index-13.html]
[web/images/embeda573.json]
[web/images/embed4359]
[web/index-14.html]
[web/images/embed775c.json]
[web/index-36.html]
[web/images/embed89ba]
[web/images/comment-reply.mind87f.js]
[web/images/form2f54.js]
[web/index-15.html]
[web/index-16.html]
[web/index-17.html]
[web/index-38.html]
[web/index-40.html]
[web/index-37.html]
[web/index-39.html]
[web/images/embedcfec.json]
[web/index-41.html]
[web/images/embed8053]
[web/index-18.html]
[web/images/embedb7e5.json]
[web/index-42.html]
[web/images/embeda8cb]
[web/index-19.html]
[web/images/embeded16.json]
[web/index-43.html]
[web/images/embed70da]
[web/index-20.html]
[web/images/embedb0fe.json]
[web/index-44.html]
[web/images/embed7c1f]
[web/index-21.html]
[web/images/embed457c.json]
[web/index-45.html]
[web/images/embed5e28]
[web/index-22.html]
[web/images/embede35b.json]
[web/index-46.html]
[web/images/embed5ecf]
[web/index-23.html]
[web/images/embed49c5.json]
[web/index-47.html]
[web/images/embed2750]
[web/index-24.html]
[web/images/embeda1f9.json]
[web/images/embedb5f8]
[web/index-48.html]
[web/index-25.html]
[web/images/embed9774.json]
[web/images/embed21d9]
[web/index-26.html]
[web/index-27.html]
[web/index-28.html]
[web/index-50.html]
[web/index-49.html]
[web/index-51.html]
[web/index-29.html]
[web/index-52.html]
[web/index-30.html]
[web/index-53.html]
[web/index-54.html]
[web/index-55.html]
[web/index-31.html]
[web/index-56.html]
[web/index-32.html]
[web/index-57.html]
[web/index-58.html]
[web/index-59.html]
[web/index-33.html]
[web/index-60.html]
[web/index-34.html]
[web/index-61.html]
[web/index-35.html]
[web/index-62.html]
[web/index-63.html]
[web/index-64.html]
[web/index-65.html]
[web/images/calendar-toggle.png]
[web/index-67.html]
[web/index-66.html]
[web/index-69.html]
[web/index-68.html]
[web/images/calendar-links-bg.png]
[web/index-70.html]
[web/index-72.html]
[web/index-73.html]
[web/index-71.html]
[web/images/feed-icon-12x12.png]
[web/index-75.html]
[web/index-76.html]
[web/index-77.html]
[web/index-74.html]
[web/images/icalendar-icon.gif]
[web/images/gigpressd87f.css]
[web/index-78.html]
[web/index-79.html]
[web/index-80.html]
[web/index-81.html]
[web/images/bebas-webfont.svg]
[web/index-82.html]
[web/index-83.html]
[web/index-84.html]
[web/index-85.html]
[web/index-86.html]
[web/index-87.html]
[web/index-88.html]
[web/index-89.html]
[web/index-90.html]
[web/index8844.html]
[web/index-91.html]
[web/index-92.html]
[web/index-93.html]
[web/index678b.html]
[web/index-94.html]
[web/index0735.html]
[web/index-95.html]
[web/index-96.html]
[web/index-97.html]
[web/index-98.html]
[web/index834e.html]
[web/index17f1.html]
[web/index64b4.html]
[web/index0b69.html]
[web/index0e62.html]
[web/index9cd7.html]
[web/indexa123.html]
[web/index-38.html]
[web/index-101.html]
[web/index-40.html]
[web/index-99.html]
[web/index-100.html]
[web/index-102.html]
[web/indexab36.html]
[web/index44fb.html]
[web/index93f8.html]
[web/index0acd.html]
[web/index2b8b.html]
[web/indexbc2b.html]
[web/index81db.html]
[web/index4c2b.html]
[web/index-103.html]
[web/images/embed4861.json]
[web/index-104.html]
[web/images/embed2645]
[web/index-50.html]
[web/index01e4.html]
[web/images/embed6654.json]
[web/index-105.html]
[web/images/embed36f4]
[web/index-51.html]
[web/images/embed5f9f.json]
[web/index-106.html]
[web/images/embed19f8]
[web/index-52.html]
[web/images/embed59d2.json]
[web/index-107.html]
[web/images/embed4cc0]
[web/index-53.html]
[web/images/embed8553.json]
[web/index-108.html]
[web/images/embed6e71]
[web/index-54.html]
[web/images/embed712c.json]
[web/images/embedb39c]
[web/index-109.html]
[web/index-55.html]
[web/images/embeddb01.json]
[web/index-110.html]
[web/images/embed0cc6]
[web/index-56.html]
[web/images/embed91d8.json]
[web/index-111.html]
[web/images/embed8afd]
[web/index-57.html]
[web/images/embeda121.json]
[web/images/embeda785]
[web/index-112.html]
[web/index-58.html]
[web/images/embeddd69.json]
[web/images/embed71e2]
[web/index-59.html]
[web/index-60.html]
[web/index-61.html]
[web/index-113.html]
[web/index-114.html]
[web/index-115.html]
[web/images/embedb67d.json]
[web/index-116.html]
[web/images/embed5d54]
[web/index-62.html]
[web/images/embed3842.json]
[web/index-117.html]
[web/images/embed809a]
[web/index-63.html]
[web/images/embeddf9b.json]
[web/images/embed6ea0]
[web/index-118.html]
[web/index-64.html]
[web/images/embed35da.json]
[web/index-119.html]
[web/images/embed459d]
[web/index-65.html]
[web/images/embeda14d.json]
[web/images/embedd7a1]
[web/index-66.html]
[web/index-120.html]
[web/images/embed25b6.json]
[web/index-121.html]
[web/images/embed7df8]
[web/index-67.html]
[web/images/embed6518.json]
[web/index-122.html]
[web/images/embedc886]
[web/index-68.html]
[web/images/embedbf52.json]
[web/index-123.html]
[web/images/embed1a7b]
[web/index-69.html]
[web/images/embed76ba.json]
[web/index-124.html]
[web/images/embed5590]
[web/index-70.html]
[web/index-71.html]
[web/index-126.html]
[web/index-127.html]
[web/index-128.html]
[web/index-125.html]
[web/images/embed5f04.json]
[web/index-130.html]
[web/index-129.html]
[web/index-131.html]
[web/index-132.html]
[web/images/embed36e4]
[web/index-72.html]
[web/index-135.html]
[web/index-134.html]
[web/index-133.html]
[web/index-136.html]
[web/images/embedbd41.json]
[web/images/embed7637]
[web/index-137.html]
[web/index-73.html]
[web/images/embedf873.json]
[web/index-138.html]
[web/images/embedb6cc]
[web/index-74.html]
[web/images/embed6a8c.json]
[web/index-139.html]
[web/images/embed4293]
[web/index-75.html]
[web/images/embedd015.json]
[web/images/embed527f]
[web/index-76.html]
[web/index-140.html]
[web/images/embed564e.json]
[web/images/embeda6b8]
[web/index-141.html]
[web/index-77.html]
[web/images/embeda853.json]
[web/index-142.html]
[web/images/embed18a7]
[web/index-78.html]
[web/images/embed6eb1.json]
[web/index-143.html]
[web/images/embed5bb8]
[web/index-79.html]
[web/images/embed9b6b.json]
[web/index-144.html]
[web/images/embed7615]
[web/index-80.html]
[web/images/embed500f.json]
[web/index-145.html]
[web/images/embedf27e]
[web/index-81.html]
[web/images/embed6437.json]
[web/index-146.html]
[web/images/embede09d]
[web/index-82.html]
[web/images/embed0789.json]
[web/index-147.html]
[web/images/embed996d]
[web/index-83.html]
[web/images/embedec7a.json]
[web/index-148.html]
[web/images/embed8292]
[web/index-84.html]
[web/images/embed5986.json]
[web/index-149.html]
[web/images/embed668a]
[web/index-85.html]
[web/images/embed22f0.json]
[web/index-150.html]
[web/images/embed6f8d]
[web/index-86.html]
[web/images/embed2097.json]
[web/index-151.html]
[web/images/embed57f4]
[web/index-87.html]
[web/images/embed6b05.json]
[web/index-152.html]
[web/images/embed9325]
[web/index-88.html]
[web/images/embede75b.json]
[web/images/embed8756]
[web/index-89.html]
[web/index-90.html]
[web/index-154.html]
[web/index-153.html]
[web/index-155.html]
[web/images/embed8aa9.json]
[web/index-159.html]
[web/index-158.html]
[web/index-157.html]
[web/index-156.html]
[web/images/embed4e8d]
[web/index-91.html]
[web/images/embed95d1.json]
[web/index-160.html]
[web/images/embedc612]
[web/index-92.html]
[web/images/embed0630.json]
[web/index-161.html]
[web/images/embed7518]
[web/index-93.html]
[web/images/embed187c.json]
[web/images/embed2a5a]
[web/index-94.html]
[web/index-162.html]
[web/images/embed480b.json]
[web/images/embed64d2]
[web/index-163.html]
[web/index-95.html]
[web/images/embed7525.json]
[web/images/embedf37b]
[web/index-164.html]
[web/index-96.html]
[web/images/embed1d7c.json]
[web/index-165.html]
[web/images/embed2245]
[web/index-97.html]
[web/images/embede599.json]
[web/index-166.html]
[web/images/embedd604]
[web/index-98.html]
[web/images/embed64e9.json]
[web/index-167.html]
[web/images/embedac5d]
[web/index-99.html]
[web/images/embedcaca.json]
[web/index-168.html]
[web/images/embed0fbf]
[web/index-169.html]
[web/index-100.html]
[web/index-101.html]
[web/index-171.html]
[web/index-170.html]
[web/index-172.html]
[web/index-173.html]
[web/index-174.html]
[web/index-175.html]
[web/index-176.html]
[web/index-177.html]
[web/index-102.html]
[web/index-103.html]
[web/index-180.html]
[web/indexa722.html]
[web/indexfe50.html]
[web/indexfa8d.html]
[web/index4e57.html]
[web/indexc9d1.html]
[web/index5195.html]
[web/index7cc7.html]
[web/index0d79.html]
[web/indexd379.html]
[web/indexde52.html]
[web/index-178.html]
[web/index-181.html]
[web/index-179.html]
[web/images/embed1aeb.json]
[web/index-182.html]
[web/images/embed67a4]
[web/index-114.html]
[web/index-115.html]
[web/index6a35.html]
[web/indexcc08.html]
[web/indexd073.html]
[web/index8e0b.html]
[web/index8ce5.html]
[web/index2d25.html]
[web/index28bc.html]
[web/indexb645.html]
[web/index4c50.html]
[web/images/embed9f85.json]
[web/index-184.html]
[web/index-183.html]
[web/index-125.html]
[web/images/embed3a62]
[web/index-185.html]
[web/images/embed8c2b.json]
[web/index-186.html]
[web/images/embed7fef]
[web/index-126.html]
[web/images/embeda609.json]
[web/images/embed89d9]
[web/index-187.html]
[web/index-127.html]
[web/images/embedf69d.json]
[web/images/embede0cb]
[web/index-188.html]
[web/index-128.html]
[web/images/embedbc22.json]
[web/index-189.html]
[web/images/embed6024]
[web/index-129.html]
[web/images/embede650.json]
[web/index-190.html]
[web/images/embed58ac]
[web/index-130.html]
[web/images/embed1484.json]
[web/index-191.html]
[web/images/embedcf2c]
[web/index-131.html]
[web/images/embedb595.json]
[web/index-192.html]
[web/images/embed3453]
[web/index-132.html]
[web/images/embed9ea0.json]
[web/index-193.html]
[web/images/embed8e5b]
[web/index-133.html]
[web/index-134.html]
[web/index-196.html]
[web/index-195.html]
[web/index-197.html]
[web/index-194.html]
[web/images/embedef0b.json]
[web/index-201.html]
[web/index-200.html]
[web/index-198.html]
[web/index-199.html]
[web/index-136.html]
[web/index12d0.html]
[web/index55d4.html]
[web/index0364.html]
[web/index601c.html]
[web/index3e1b.html]
[web/indexf47a.html]
[web/index8ee7.html]
[web/indexef92.html]
[web/index4720.html]
[web/index52e8.html]
[web/indexba86.html]
[web/indexe2aa.html]
[web/index5b31.html]
[web/index7b2c.html]
[web/index45c8.html]
[web/index6543.html]
[web/index7d69.html]
[web/images/embed13c1]
[web/images/embed56bf.json]
[web/images/embedb950]
[web/index-154.html]
[web/index03bd.html]
[web/images/embed1440.json]
[web/index-202.html]
[web/index-203.html]
[web/images/embed82c2]
[web/index-155.html]
[web/images/embed7447.json]
[web/index-204.html]
[web/images/embedb7cc]
[web/index-156.html]
[web/images/embed6cce.json]
[web/index-205.html]
[web/images/embed399e]
[web/index-157.html]
[web/images/embed2f10.json]
[web/images/embede427]
[web/index-206.html]
[web/index-158.html]
[web/indexba1b.html]
[web/indexe4c6.html]
[web/indexc140.html]
[web/index5721.html]
[web/indexc8fa.html]
[web/index261b.html]
[web/indexe8f5.html]
[web/index0325.html]
[web/index5e74.html]
[web/images/embed00c9.json]
[web/index-207.html]
[web/images/embed4ae1]
[web/index-169.html]
[web/index8e01.html]
[web/images/embed6829.json]
[web/index-208.html]
[web/images/embedf89d]
[web/index-170.html]
[web/images/embedd8db.json]
[web/images/embed74dc]
[web/index-209.html]
[web/index-171.html]
[web/images/embed61f9.json]
[web/index-210.html]
[web/images/embedfe5b]
[web/index-172.html]
[web/images/embede32a.json]
[web/index-211.html]
[web/images/embed4ae6]
[web/index-173.html]
[web/images/embed34ef.json]
[web/images/embed436f]
[web/index-174.html]
[web/images/embed187a.json]
[web/index-212.html]
[web/images/embedcd8f]
[web/index-175.html]
[web/images/embed01b8.json]
[web/index-213.html]
[web/images/embed1585]
[web/index-176.html]
[web/images/embedbd21.json]
[web/index-214.html]
[web/index-215.html]
[web/images/embedbe02]
[web/index-177.html]
[web/images/embed0808.json]
[web/index-216.html]
[web/images/embedc2a7]
[web/index-178.html]
[web/index-179.html]
[web/index-217.html]
[web/index-180.html]
[web/index-219.html]
[web/index-220.html]
[web/index-218.html]
[web/index-181.html]
[web/index5657.html]
[web/index-221.html]
[web/index-222.html]
[web/index-223.html]
[web/images/embedf31a.json]
[web/index-224.html]
[web/images/embed90a1]
[web/index-183.html]
[web/index-184.html]
[web/index01a2.html]
[web/indexa040.html]
[web/indexbbbc.html]
[web/index6595.html]
[web/index6353.html]
[web/index42fe.html]
[web/indexdf01.html]
[web/index88c3.html]
[web/index007a.html]
[web/images/embed2a96.json]
[web/index-225.html]
[web/index-226.html]
[web/images/embed10be]
[web/index-194.html]
[web/images/embedf57c.json]
[web/images/embedae4d]
[web/index-195.html]
[web/index-227.html]
[web/images/embed8598.json]
[web/index-228.html]
[web/images/embeded91]
[web/index-196.html]
[web/images/embedeabc.json]
[web/index-229.html]
[web/images/embed5948]
[web/index-197.html]
[web/images/embeda185.json]
[web/index-230.html]
[web/images/embeda659]
[web/index-198.html]
[web/images/embed7fcc.json]
[web/images/embedb4c0]
[web/index-199.html]
[web/index-231.html]
[web/images/embed1431.json]
[web/images/embed8667]
[web/index-232.html]
[web/index-200.html]
[web/indexf1ac.html]
[web/indexa943.html]
[web/index03e1.html]
[web/index9873.html]
[web/indexfa80.html]
[web/index156c.html]
[web/indexbbc7.html]
[web/index5791.html]
[web/index87e6.html]
[web/index421d.html]
[web/indexb4d2.html]
[web/index31a3.html]
[web/index5070.html]
[web/index7737.html]
[web/index5f87.html]
[web/images/embed2390.json]
[web/index-233.html]
[web/images/embed0e0b]
[web/index-217.html]
[web/index9430.html]
[web/images/embedf332.json]
[web/index-234.html]
[web/index-218.html]
[web/images/embed0a06]
[web/images/embed5878.json]
[web/index-235.html]
[web/images/embed3053]
[web/index-219.html]
[web/images/embed80f4.json]
[web/index-236.html]
[web/images/embed3607]
[web/index-220.html]
[web/images/embed3bc2.json]
[web/index-237.html]
[web/images/embedd5ee]
[web/index-221.html]
[web/index-222.html]
[web/index-223.html]
[web/index17d3.html]
[web/index-225.html]
[web/index24eb.html]
[web/index5604.html]
[web/index0ed6.html]
[web/indexffa6.html]
[web/index2d8c.html]
[web/indexc351.html]
[web/index1caa.html]
[web/index5eda.html]
[web/index55e4.html]
[web/indexb135.html]
[web/index8cae.html]
[web/index49b1.html]
[web/index-238.html]
[web/index-238.html]
[web/index-239.html]
[web/index-240.html]
[web/index-239.html]
[web/index-240.html]
[web/index-241.html]
[web/index-241.html]
[web/index-242.html]
[web/index-242.html]
[web/index-244.html]
[web/index-245.html]
[web/index-243.html]
[web/index-243.html]
[web/index-244.html]
[web/index-245.html]
[web/index-246.html]
[web/index-246.html]
[web/index-249.html]
[web/index-247.html]
[web/index-247.html]
[web/index-248.html]
[web/index-248.html]
[web/index-249.html]
[web/index-250.html]
[web/index-250.html]
[web/index-251.html]
[web/index-251.html]
